  main.cpp
D:\CourseStuff\SP_project\Chess-engine\Chess\button.h(28,30): warning C4305: 'argument': truncation from 'double' to 'float'
  (compiling source file 'main.cpp')
  
D:\CourseStuff\SP_project\Chess-engine\Chess\button.h(28,25): warning C4305: 'argument': truncation from 'double' to 'float'
  (compiling source file 'main.cpp')
  
D:\CourseStuff\SP_project\Chess-engine\Chess\button.h(29,28): warning C4305: 'argument': truncation from 'double' to 'float'
  (compiling source file 'main.cpp')
  
D:\CourseStuff\SP_project\Chess-engine\Chess\button.h(29,23): warning C4305: 'argument': truncation from 'double' to 'float'
  (compiling source file 'main.cpp')
  
D:\CourseStuff\SP_project\Chess-engine\Chess\main_menu.h(64,35): warning C4305: 'argument': truncation from 'double' to 'float'
  (compiling source file 'main.cpp')
  
D:\CourseStuff\SP_project\Chess-engine\Chess\main_menu.h(64,29): warning C4305: 'argument': truncation from 'double' to 'float'
  (compiling source file 'main.cpp')
  
D:\CourseStuff\SP_project\Chess-engine\Chess\main_menu.h(71,35): warning C4305: 'argument': truncation from 'double' to 'float'
  (compiling source file 'main.cpp')
  
D:\CourseStuff\SP_project\Chess-engine\Chess\main_menu.h(71,29): warning C4305: 'argument': truncation from 'double' to 'float'
  (compiling source file 'main.cpp')
  
D:\CourseStuff\SP_project\Chess-engine\Chess\main_menu.h(81,60): warning C4244: 'argument': conversion from 'double' to 'sf::Uint8', possible loss of data
  (compiling source file 'main.cpp')
  
D:\CourseStuff\SP_project\Chess-engine\Chess\main_menu.h(81,53): warning C4244: 'argument': conversion from 'double' to 'sf::Uint8', possible loss of data
  (compiling source file 'main.cpp')
  
D:\CourseStuff\SP_project\Chess-engine\Chess\main_menu.h(81,46): warning C4244: 'argument': conversion from 'double' to 'sf::Uint8', possible loss of data
  (compiling source file 'main.cpp')
  
D:\CourseStuff\SP_project\Chess-engine\Chess\main_menu.h(82,56): warning C4244: 'argument': conversion from 'double' to 'sf::Uint8', possible loss of data
  (compiling source file 'main.cpp')
  
D:\CourseStuff\SP_project\Chess-engine\Chess\main_menu.h(82,49): warning C4244: 'argument': conversion from 'double' to 'sf::Uint8', possible loss of data
  (compiling source file 'main.cpp')
  
D:\CourseStuff\SP_project\Chess-engine\Chess\main_menu.h(82,42): warning C4244: 'argument': conversion from 'double' to 'sf::Uint8', possible loss of data
  (compiling source file 'main.cpp')
  
D:\CourseStuff\SP_project\Chess-engine\Chess\main_menu.h(83,56): warning C4244: 'argument': conversion from 'double' to 'sf::Uint8', possible loss of data
  (compiling source file 'main.cpp')
  
D:\CourseStuff\SP_project\Chess-engine\Chess\main_menu.h(83,49): warning C4244: 'argument': conversion from 'double' to 'sf::Uint8', possible loss of data
  (compiling source file 'main.cpp')
  
D:\CourseStuff\SP_project\Chess-engine\Chess\main_menu.h(83,42): warning C4244: 'argument': conversion from 'double' to 'sf::Uint8', possible loss of data
  (compiling source file 'main.cpp')
  
D:\CourseStuff\SP_project\Chess-engine\Chess\main_menu.h(145,65): warning C4244: 'argument': conversion from 'T' to 'T', possible loss of data
D:\CourseStuff\SP_project\Chess-engine\Chess\main_menu.h(145,65): warning C4244:         with
D:\CourseStuff\SP_project\Chess-engine\Chess\main_menu.h(145,65): warning C4244:         [
D:\CourseStuff\SP_project\Chess-engine\Chess\main_menu.h(145,65): warning C4244:             T=unsigned int
D:\CourseStuff\SP_project\Chess-engine\Chess\main_menu.h(145,65): warning C4244:         ]
D:\CourseStuff\SP_project\Chess-engine\Chess\main_menu.h(145,65): warning C4244:         and
D:\CourseStuff\SP_project\Chess-engine\Chess\main_menu.h(145,65): warning C4244:         [
D:\CourseStuff\SP_project\Chess-engine\Chess\main_menu.h(145,65): warning C4244:             T=float
D:\CourseStuff\SP_project\Chess-engine\Chess\main_menu.h(145,65): warning C4244:         ]
  (compiling source file 'main.cpp')
  
D:\CourseStuff\SP_project\Chess-engine\Chess\main_menu.h(145,51): warning C4244: 'argument': conversion from 'T' to 'T', possible loss of data
D:\CourseStuff\SP_project\Chess-engine\Chess\main_menu.h(145,51): warning C4244:         with
D:\CourseStuff\SP_project\Chess-engine\Chess\main_menu.h(145,51): warning C4244:         [
D:\CourseStuff\SP_project\Chess-engine\Chess\main_menu.h(145,51): warning C4244:             T=unsigned int
D:\CourseStuff\SP_project\Chess-engine\Chess\main_menu.h(145,51): warning C4244:         ]
D:\CourseStuff\SP_project\Chess-engine\Chess\main_menu.h(145,51): warning C4244:         and
D:\CourseStuff\SP_project\Chess-engine\Chess\main_menu.h(145,51): warning C4244:         [
D:\CourseStuff\SP_project\Chess-engine\Chess\main_menu.h(145,51): warning C4244:             T=float
D:\CourseStuff\SP_project\Chess-engine\Chess\main_menu.h(145,51): warning C4244:         ]
  (compiling source file 'main.cpp')
  
D:\CourseStuff\SP_project\Chess-engine\Chess\main_menu.h(148,69): warning C4244: 'argument': conversion from 'T' to 'float', possible loss of data
D:\CourseStuff\SP_project\Chess-engine\Chess\main_menu.h(148,69): warning C4244:         with
D:\CourseStuff\SP_project\Chess-engine\Chess\main_menu.h(148,69): warning C4244:         [
D:\CourseStuff\SP_project\Chess-engine\Chess\main_menu.h(148,69): warning C4244:             T=unsigned int
D:\CourseStuff\SP_project\Chess-engine\Chess\main_menu.h(148,69): warning C4244:         ]
  (compiling source file 'main.cpp')
  
D:\CourseStuff\SP_project\Chess-engine\Chess\main_menu.h(148,47): warning C4244: 'argument': conversion from 'T' to 'float', possible loss of data
D:\CourseStuff\SP_project\Chess-engine\Chess\main_menu.h(148,47): warning C4244:         with
D:\CourseStuff\SP_project\Chess-engine\Chess\main_menu.h(148,47): warning C4244:         [
D:\CourseStuff\SP_project\Chess-engine\Chess\main_menu.h(148,47): warning C4244:             T=unsigned int
D:\CourseStuff\SP_project\Chess-engine\Chess\main_menu.h(148,47): warning C4244:         ]
  (compiling source file 'main.cpp')
  
D:\CourseStuff\SP_project\Chess-engine\Chess\main_menu.h(149,68): warning C4244: 'argument': conversion from 'T' to 'float', possible loss of data
D:\CourseStuff\SP_project\Chess-engine\Chess\main_menu.h(149,68): warning C4244:         with
D:\CourseStuff\SP_project\Chess-engine\Chess\main_menu.h(149,68): warning C4244:         [
D:\CourseStuff\SP_project\Chess-engine\Chess\main_menu.h(149,68): warning C4244:             T=unsigned int
D:\CourseStuff\SP_project\Chess-engine\Chess\main_menu.h(149,68): warning C4244:         ]
  (compiling source file 'main.cpp')
  
D:\CourseStuff\SP_project\Chess-engine\Chess\main_menu.h(149,46): warning C4244: 'argument': conversion from 'T' to 'float', possible loss of data
D:\CourseStuff\SP_project\Chess-engine\Chess\main_menu.h(149,46): warning C4244:         with
D:\CourseStuff\SP_project\Chess-engine\Chess\main_menu.h(149,46): warning C4244:         [
D:\CourseStuff\SP_project\Chess-engine\Chess\main_menu.h(149,46): warning C4244:             T=unsigned int
D:\CourseStuff\SP_project\Chess-engine\Chess\main_menu.h(149,46): warning C4244:         ]
  (compiling source file 'main.cpp')
  
D:\CourseStuff\SP_project\Chess-engine\Chess\main_menu.h(150,65): warning C4244: 'argument': conversion from 'T' to 'float', possible loss of data
D:\CourseStuff\SP_project\Chess-engine\Chess\main_menu.h(150,65): warning C4244:         with
D:\CourseStuff\SP_project\Chess-engine\Chess\main_menu.h(150,65): warning C4244:         [
D:\CourseStuff\SP_project\Chess-engine\Chess\main_menu.h(150,65): warning C4244:             T=unsigned int
D:\CourseStuff\SP_project\Chess-engine\Chess\main_menu.h(150,65): warning C4244:         ]
  (compiling source file 'main.cpp')
  
D:\CourseStuff\SP_project\Chess-engine\Chess\main_menu.h(150,43): warning C4244: 'argument': conversion from 'T' to 'float', possible loss of data
D:\CourseStuff\SP_project\Chess-engine\Chess\main_menu.h(150,43): warning C4244:         with
D:\CourseStuff\SP_project\Chess-engine\Chess\main_menu.h(150,43): warning C4244:         [
D:\CourseStuff\SP_project\Chess-engine\Chess\main_menu.h(150,43): warning C4244:             T=unsigned int
D:\CourseStuff\SP_project\Chess-engine\Chess\main_menu.h(150,43): warning C4244:         ]
  (compiling source file 'main.cpp')
  
D:\CourseStuff\SP_project\Chess-engine\Chess\main_menu.h(151,61): warning C4244: 'argument': conversion from 'T' to 'float', possible loss of data
D:\CourseStuff\SP_project\Chess-engine\Chess\main_menu.h(151,61): warning C4244:         with
D:\CourseStuff\SP_project\Chess-engine\Chess\main_menu.h(151,61): warning C4244:         [
D:\CourseStuff\SP_project\Chess-engine\Chess\main_menu.h(151,61): warning C4244:             T=unsigned int
D:\CourseStuff\SP_project\Chess-engine\Chess\main_menu.h(151,61): warning C4244:         ]
  (compiling source file 'main.cpp')
  
D:\CourseStuff\SP_project\Chess-engine\Chess\main_menu.h(151,39): warning C4244: 'argument': conversion from 'T' to 'float', possible loss of data
D:\CourseStuff\SP_project\Chess-engine\Chess\main_menu.h(151,39): warning C4244:         with
D:\CourseStuff\SP_project\Chess-engine\Chess\main_menu.h(151,39): warning C4244:         [
D:\CourseStuff\SP_project\Chess-engine\Chess\main_menu.h(151,39): warning C4244:             T=unsigned int
D:\CourseStuff\SP_project\Chess-engine\Chess\main_menu.h(151,39): warning C4244:         ]
  (compiling source file 'main.cpp')
  
D:\CourseStuff\SP_project\Chess-engine\Chess\main.cpp(15,41): warning C4244: 'argument': conversion from 'float' to 'unsigned int', possible loss of data
D:\CourseStuff\SP_project\Chess-engine\Chess\main.cpp(15,31): warning C4244: 'argument': conversion from 'float' to 'unsigned int', possible loss of data
D:\CourseStuff\SP_project\Chess-engine\Chess\main.cpp(23,44): warning C4244: 'argument': conversion from 'int' to 'T', possible loss of data
D:\CourseStuff\SP_project\Chess-engine\Chess\main.cpp(23,44): warning C4244:         with
D:\CourseStuff\SP_project\Chess-engine\Chess\main.cpp(23,44): warning C4244:         [
D:\CourseStuff\SP_project\Chess-engine\Chess\main.cpp(23,44): warning C4244:             T=float
D:\CourseStuff\SP_project\Chess-engine\Chess\main.cpp(23,44): warning C4244:         ]
D:\CourseStuff\SP_project\Chess-engine\Chess\main.cpp(23,25): warning C4244: 'argument': conversion from 'int' to 'T', possible loss of data
D:\CourseStuff\SP_project\Chess-engine\Chess\main.cpp(23,25): warning C4244:         with
D:\CourseStuff\SP_project\Chess-engine\Chess\main.cpp(23,25): warning C4244:         [
D:\CourseStuff\SP_project\Chess-engine\Chess\main.cpp(23,25): warning C4244:             T=float
D:\CourseStuff\SP_project\Chess-engine\Chess\main.cpp(23,25): warning C4244:         ]
D:\CourseStuff\SP_project\Chess-engine\Chess\main.cpp(38,36): warning C4305: 'argument': truncation from 'double' to 'float'
D:\CourseStuff\SP_project\Chess-engine\Chess\main.cpp(38,31): warning C4305: 'argument': truncation from 'double' to 'float'
D:\CourseStuff\SP_project\Chess-engine\Chess\main.cpp(39,35): warning C4305: 'argument': truncation from 'double' to 'float'
D:\CourseStuff\SP_project\Chess-engine\Chess\main.cpp(39,30): warning C4305: 'argument': truncation from 'double' to 'float'
D:\CourseStuff\SP_project\Chess-engine\Chess\main.cpp(40,38): warning C4305: 'argument': truncation from 'double' to 'float'
D:\CourseStuff\SP_project\Chess-engine\Chess\main.cpp(40,33): warning C4305: 'argument': truncation from 'double' to 'float'
D:\CourseStuff\SP_project\Chess-engine\Chess\main.cpp(88,43): warning C4305: 'argument': truncation from 'double' to 'float'
D:\CourseStuff\SP_project\Chess-engine\Chess\main.cpp(88,38): warning C4305: 'argument': truncation from 'double' to 'float'
D:\CourseStuff\SP_project\Chess-engine\Chess\main.cpp(94,46): warning C4305: 'argument': truncation from 'double' to 'float'
D:\CourseStuff\SP_project\Chess-engine\Chess\main.cpp(94,41): warning C4305: 'argument': truncation from 'double' to 'float'
D:\CourseStuff\SP_project\Chess-engine\Chess\main.cpp(100,44): warning C4305: 'argument': truncation from 'double' to 'float'
D:\CourseStuff\SP_project\Chess-engine\Chess\main.cpp(100,39): warning C4305: 'argument': truncation from 'double' to 'float'
D:\CourseStuff\SP_project\Chess-engine\Chess\main.cpp(148,89): warning C4244: 'argument': conversion from 'T' to 'float', possible loss of data
D:\CourseStuff\SP_project\Chess-engine\Chess\main.cpp(148,89): warning C4244:         with
D:\CourseStuff\SP_project\Chess-engine\Chess\main.cpp(148,89): warning C4244:         [
D:\CourseStuff\SP_project\Chess-engine\Chess\main.cpp(148,89): warning C4244:             T=unsigned int
D:\CourseStuff\SP_project\Chess-engine\Chess\main.cpp(148,89): warning C4244:         ]
D:\CourseStuff\SP_project\Chess-engine\Chess\main.cpp(148,57): warning C4244: 'argument': conversion from 'T' to 'float', possible loss of data
D:\CourseStuff\SP_project\Chess-engine\Chess\main.cpp(148,57): warning C4244:         with
D:\CourseStuff\SP_project\Chess-engine\Chess\main.cpp(148,57): warning C4244:         [
D:\CourseStuff\SP_project\Chess-engine\Chess\main.cpp(148,57): warning C4244:             T=unsigned int
D:\CourseStuff\SP_project\Chess-engine\Chess\main.cpp(148,57): warning C4244:         ]
D:\CourseStuff\SP_project\Chess-engine\Chess\main.cpp(149,78): warning C4244: 'argument': conversion from 'T' to 'float', possible loss of data
D:\CourseStuff\SP_project\Chess-engine\Chess\main.cpp(149,78): warning C4244:         with
D:\CourseStuff\SP_project\Chess-engine\Chess\main.cpp(149,78): warning C4244:         [
D:\CourseStuff\SP_project\Chess-engine\Chess\main.cpp(149,78): warning C4244:             T=unsigned int
D:\CourseStuff\SP_project\Chess-engine\Chess\main.cpp(149,78): warning C4244:         ]
D:\CourseStuff\SP_project\Chess-engine\Chess\main.cpp(149,52): warning C4244: 'argument': conversion from 'T' to 'float', possible loss of data
D:\CourseStuff\SP_project\Chess-engine\Chess\main.cpp(149,52): warning C4244:         with
D:\CourseStuff\SP_project\Chess-engine\Chess\main.cpp(149,52): warning C4244:         [
D:\CourseStuff\SP_project\Chess-engine\Chess\main.cpp(149,52): warning C4244:             T=unsigned int
D:\CourseStuff\SP_project\Chess-engine\Chess\main.cpp(149,52): warning C4244:         ]
D:\CourseStuff\SP_project\Chess-engine\Chess\main.cpp(150,87): warning C4244: 'argument': conversion from 'T' to 'float', possible loss of data
D:\CourseStuff\SP_project\Chess-engine\Chess\main.cpp(150,87): warning C4244:         with
D:\CourseStuff\SP_project\Chess-engine\Chess\main.cpp(150,87): warning C4244:         [
D:\CourseStuff\SP_project\Chess-engine\Chess\main.cpp(150,87): warning C4244:             T=unsigned int
D:\CourseStuff\SP_project\Chess-engine\Chess\main.cpp(150,87): warning C4244:         ]
D:\CourseStuff\SP_project\Chess-engine\Chess\main.cpp(150,58): warning C4244: 'argument': conversion from 'T' to 'float', possible loss of data
D:\CourseStuff\SP_project\Chess-engine\Chess\main.cpp(150,58): warning C4244:         with
D:\CourseStuff\SP_project\Chess-engine\Chess\main.cpp(150,58): warning C4244:         [
D:\CourseStuff\SP_project\Chess-engine\Chess\main.cpp(150,58): warning C4244:             T=unsigned int
D:\CourseStuff\SP_project\Chess-engine\Chess\main.cpp(150,58): warning C4244:         ]
D:\CourseStuff\SP_project\Chess-engine\Chess\main.cpp(156,34): warning C4305: 'argument': truncation from 'double' to 'float'
D:\CourseStuff\SP_project\Chess-engine\Chess\main.cpp(156,29): warning C4305: 'argument': truncation from 'double' to 'float'
D:\CourseStuff\SP_project\Chess-engine\Chess\main.cpp(157,35): warning C4305: 'argument': truncation from 'double' to 'float'
D:\CourseStuff\SP_project\Chess-engine\Chess\main.cpp(157,30): warning C4305: 'argument': truncation from 'double' to 'float'
D:\CourseStuff\SP_project\Chess-engine\Chess\main.cpp(158,38): warning C4305: 'argument': truncation from 'double' to 'float'
D:\CourseStuff\SP_project\Chess-engine\Chess\main.cpp(158,33): warning C4305: 'argument': truncation from 'double' to 'float'
D:\CourseStuff\SP_project\Chess-engine\Chess\main.cpp(166,42): warning C4244: 'argument': conversion from 'double' to 'float', possible loss of data
D:\CourseStuff\SP_project\Chess-engine\Chess\main.cpp(168,56): warning C4244: 'argument': conversion from 'double' to 'float', possible loss of data
D:\CourseStuff\SP_project\Chess-engine\Chess\main.cpp(168,39): warning C4244: 'argument': conversion from 'double' to 'float', possible loss of data
D:\CourseStuff\SP_project\Chess-engine\Chess\main.cpp(229,43): warning C4305: 'argument': truncation from 'double' to 'float'
D:\CourseStuff\SP_project\Chess-engine\Chess\main.cpp(229,38): warning C4305: 'argument': truncation from 'double' to 'float'
D:\CourseStuff\SP_project\Chess-engine\Chess\main.cpp(235,46): warning C4305: 'argument': truncation from 'double' to 'float'
D:\CourseStuff\SP_project\Chess-engine\Chess\main.cpp(235,41): warning C4305: 'argument': truncation from 'double' to 'float'
D:\CourseStuff\SP_project\Chess-engine\Chess\main.cpp(238,40): warning C4305: 'argument': truncation from 'double' to 'float'
D:\CourseStuff\SP_project\Chess-engine\Chess\main.cpp(238,35): warning C4305: 'argument': truncation from 'double' to 'float'
  Chess.vcxproj -> D:\CourseStuff\SP_project\Chess-engine\x64\Debug\Chess.exe
